{
  "stats": {
    "suites": 1,
    "tests": 1,
    "passes": 0,
    "pending": 0,
    "failures": 1,
    "start": "2021-07-09T21:28:12.013Z",
    "end": "2021-07-09T21:28:44.764Z",
    "duration": 32751,
    "testsRegistered": 1,
    "passPercent": 0,
    "pendingPercent": 0,
    "other": 0,
    "hasOther": false,
    "skipped": 0,
    "hasSkipped": false
  },
  "results": [
    {
      "uuid": "4187ed0d-6d12-470a-8ddb-4ffdeefc366f",
      "title": "",
      "fullFile": "cypress/integration/newUser.spec.js",
      "file": "cypress/integration/newUser.spec.js",
      "beforeHooks": [],
      "afterHooks": [],
      "tests": [],
      "suites": [
        {
          "uuid": "f0117ab0-4161-4263-9d36-5beeb9c567aa",
          "title": "Cadastro de um novo Usuario",
          "fullFile": "",
          "file": "",
          "beforeHooks": [],
          "afterHooks": [],
          "tests": [
            {
              "title": "Cadastrar o usuario novo no site de Testes",
              "fullTitle": "Cadastro de um novo Usuario Cadastrar o usuario novo no site de Testes",
              "timedOut": null,
              "duration": 32608,
              "state": "failed",
              "speed": null,
              "pass": false,
              "fail": true,
              "pending": false,
              "context": null,
              "code": "cy.visit(\"http://automationpractice.com\");\ncy.get('.login').click();\ncy.get('#email_create').type(chance.email());\ncy.get('#SubmitCreate > span').click(); //Preencher Cadastro\ncy.get('#id_gender1').check();\ncy.get('#customer_firstname').type(chance.first());\ncy.get('#customer_lastname').type(chance.last());\ncy.get('#passwd').type('123456');\ncy.get('#days').select('18');\ncy.get('#months').select('November', {\n  timeout: 4000\n});\ncy.get('#years').select('1988');\ncy.get('#newsletter').check();\ncy.get('#optin').check();\ncy.get('#address1').type(chance.address());\ncy.get('#city').type(chance.city());\ncy.get('#id_state').select('Arkansas');\ncy.get('#postcode').type(chance.zip());\ncy.get('#phone_mobile').type(chance.phone({\n  formatted: false\n}));\ncy.get('#alias').clear();\ncy.get('#alias').type('Agilizei');\ncy.get('#submitAccount > span').click();\ncy.url().should('contain', 'index.php?controller=my-account');\ncy.get('.info-account').should('contain.text', 'Welcome to your account');",
              "err": {
                "message": "AssertionError: Timed out retrying after 4000ms: Expected to find element: `#id_gender1`, but never found it.",
                "estack": "AssertionError: Timed out retrying after 4000ms: Expected to find element: `#id_gender1`, but never found it.\n    at Context.eval (http://automationpractice.com/__cypress/tests?p=cypress\\integration\\newUser.spec.js:2216:8)",
                "diff": null
              },
              "uuid": "57f2600a-da60-49d3-88ef-ba4f810ff3e4",
              "parentUUID": "f0117ab0-4161-4263-9d36-5beeb9c567aa",
              "isHook": false,
              "skipped": false
            }
          ],
          "suites": [],
          "passes": [],
          "failures": [
            "57f2600a-da60-49d3-88ef-ba4f810ff3e4"
          ],
          "pending": [],
          "skipped": [],
          "duration": 32608,
          "root": false,
          "rootEmpty": false,
          "_timeout": 2000
        }
      ],
      "passes": [],
      "failures": [],
      "pending": [],
      "skipped": [],
      "duration": 0,
      "root": true,
      "rootEmpty": true,
      "_timeout": 2000
    }
  ],
  "meta": {
    "mocha": {
      "version": "7.0.1"
    },
    "mochawesome": {
      "options": {
        "quiet": true,
        "reportFilename": "mochawesome",
        "saveHtml": false,
        "saveJson": true,
        "consoleReporter": "spec",
        "useInlineDiffs": false,
        "code": true
      },
      "version": "6.2.2"
    },
    "marge": {
      "options": {
        "id": "default",
        "reportDir": "mochawesome-report",
        "quiet": true,
        "overwrite": false,
        "html": false,
        "json": true
      },
      "version": "5.2.0"
    }
  }
}